2025-04-13 12:25:21,580 - INFO - [14378] - root - Initializing application
2025-04-13 12:25:21,580 - INFO - [14378] - root - Setting up database connection to postgresql://postgres:7987@localhost:5432/Voice_Recognition
2025-04-13 12:25:22,078 - INFO - [14378] - root - Database setup successful
2025-04-13 12:25:22,078 - INFO - [14378] - root - Starting Flask server on port 8586
2025-04-13 12:25:22,111 - INFO - [14378] - werkzeug - [31m[1mWARNING: This is a development server. Do not use it in a production deployment. Use a production WSGI server instead.[0m
 * Running on http://127.0.0.1:8586
2025-04-13 12:25:22,111 - INFO - [14378] - werkzeug - [33mPress CTRL+C to quit[0m
2025-04-13 12:25:22,112 - INFO - [14378] - werkzeug -  * Restarting with stat
2025-04-13 12:26:46,456 - INFO - [14378] - werkzeug -  * Restarting with stat
2025-04-13 12:26:52,503 - INFO - [14378] - werkzeug -  * Restarting with stat
2025-04-13 12:27:06,639 - INFO - [14378] - werkzeug -  * Restarting with stat
2025-04-13 12:28:47,453 - INFO - [14378] - werkzeug -  * Restarting with stat
2025-04-13 12:29:48,932 - INFO - [14378] - werkzeug -  * Restarting with stat
2025-04-13 12:29:52,841 - INFO - [14378] - werkzeug -  * Restarting with stat
2025-04-13 12:44:56,184 - INFO - [14378] - werkzeug -  * Restarting with stat
2025-04-13 12:45:16,819 - INFO - [14378] - werkzeug -  * Restarting with stat
2025-04-13 12:46:07,436 - INFO - [14378] - werkzeug -  * Restarting with stat
2025-04-13 12:51:27,368 - INFO - [14378] - werkzeug -  * Restarting with stat
2025-04-13 12:51:38,614 - INFO - [14378] - werkzeug -  * Restarting with stat
2025-04-13 12:51:42,921 - INFO - [14378] - werkzeug -  * Restarting with stat
2025-04-13 12:52:31,373 - INFO - [14378] - werkzeug -  * Restarting with stat
2025-04-13 12:52:43,544 - INFO - [14378] - werkzeug -  * Restarting with stat
2025-04-13 13:17:15,943 - INFO - [14378] - werkzeug -  * Restarting with stat
2025-04-13 13:18:17,741 - INFO - [14378] - werkzeug -  * Restarting with stat
2025-04-13 13:20:42,993 - INFO - [14378] - werkzeug -  * Restarting with stat
2025-04-13 13:20:57,539 - INFO - [14378] - werkzeug -  * Restarting with stat
2025-04-13 13:21:53,943 - INFO - [14378] - werkzeug -  * Restarting with stat
2025-04-13 13:22:03,768 - INFO - [14378] - werkzeug -  * Restarting with stat
2025-04-13 13:22:10,187 - INFO - [14378] - werkzeug -  * Restarting with stat
2025-04-13 13:22:16,844 - INFO - [14378] - werkzeug -  * Restarting with stat
2025-04-13 13:22:22,219 - INFO - [14378] - werkzeug -  * Restarting with stat
2025-04-13 13:22:34,816 - INFO - [14378] - werkzeug -  * Restarting with stat
2025-04-13 13:28:18,717 - INFO - [14378] - werkzeug -  * Restarting with stat
2025-04-13 13:29:07,182 - INFO - [14378] - werkzeug -  * Restarting with stat
2025-04-13 13:29:10,635 - INFO - [14378] - werkzeug -  * Restarting with stat
2025-04-13 13:31:26,268 - INFO - [14378] - werkzeug -  * Restarting with stat
2025-04-13 13:31:58,954 - INFO - [14378] - werkzeug -  * Restarting with stat
2025-04-13 13:34:48,421 - INFO - [14378] - werkzeug -  * Restarting with stat
2025-04-13 13:34:51,681 - INFO - [14378] - werkzeug -  * Restarting with stat
2025-04-13 13:36:05,359 - INFO - [14378] - werkzeug -  * Restarting with stat
2025-04-13 13:38:16,091 - INFO - [14378] - werkzeug -  * Restarting with stat
2025-04-13 13:38:23,774 - INFO - [14378] - werkzeug -  * Restarting with stat
2025-04-13 13:39:14,802 - INFO - [14378] - werkzeug -  * Restarting with stat
2025-04-13 13:39:18,300 - INFO - [14378] - werkzeug -  * Restarting with stat
2025-04-13 13:40:13,086 - INFO - [14378] - werkzeug -  * Restarting with stat
2025-04-13 13:41:13,135 - INFO - [14378] - werkzeug -  * Restarting with stat
2025-04-13 13:41:16,471 - INFO - [14378] - werkzeug -  * Restarting with stat
2025-04-13 13:43:19,449 - INFO - [14378] - werkzeug -  * Restarting with stat
2025-04-13 13:43:27,384 - INFO - [14378] - werkzeug -  * Restarting with stat
2025-04-13 13:45:13,872 - INFO - [14378] - werkzeug -  * Restarting with stat
2025-04-13 13:46:51,698 - INFO - [14378] - werkzeug -  * Restarting with stat
2025-04-13 13:49:03,075 - INFO - [14378] - werkzeug -  * Restarting with stat
2025-04-14 10:41:30,930 - INFO - [14378] - werkzeug -  * Restarting with stat
2025-04-14 11:13:50,843 - INFO - [14378] - werkzeug -  * Restarting with stat
2025-04-14 11:13:56,359 - INFO - [14378] - werkzeug -  * Restarting with stat
2025-04-14 11:14:45,723 - INFO - [14378] - werkzeug -  * Restarting with stat
2025-04-14 11:15:42,497 - INFO - [14378] - werkzeug -  * Restarting with stat
2025-04-14 11:15:54,764 - INFO - [14378] - werkzeug -  * Restarting with stat
2025-04-14 11:16:48,444 - INFO - [14378] - werkzeug -  * Restarting with stat
2025-04-14 11:17:08,550 - INFO - [14378] - werkzeug -  * Restarting with stat
2025-04-14 11:18:21,265 - INFO - [14378] - werkzeug -  * Restarting with stat
2025-04-14 11:18:35,394 - INFO - [14378] - werkzeug -  * Restarting with stat
2025-04-14 11:20:21,325 - INFO - [14378] - werkzeug -  * Restarting with stat
2025-04-14 11:21:23,363 - INFO - [14378] - werkzeug -  * Restarting with stat
2025-04-14 11:22:35,474 - INFO - [14378] - werkzeug -  * Restarting with stat
2025-04-14 11:22:39,029 - INFO - [14378] - werkzeug -  * Restarting with stat
2025-04-14 11:23:40,685 - INFO - [14378] - werkzeug -  * Restarting with stat
2025-04-14 15:36:26,540 - INFO - [14378] - werkzeug -  * Restarting with stat
2025-04-14 15:36:32,129 - INFO - [14378] - werkzeug -  * Restarting with stat
2025-04-14 15:36:35,569 - INFO - [14378] - werkzeug -  * Restarting with stat
2025-04-14 15:36:38,957 - INFO - [14378] - werkzeug -  * Restarting with stat
