2025-04-10 12:24:45,885 - INFO - [70276] - root - Initializing application
2025-04-10 12:24:45,885 - INFO - [70276] - root - Setting up database connection to postgresql://postgres:7987@localhost:5432/Voice_Recognition
2025-04-10 12:24:46,226 - INFO - [70276] - root - Database setup successful
2025-04-10 12:24:46,226 - INFO - [70276] - root - Starting Flask server on port 8586
2025-04-10 12:24:46,279 - INFO - [70276] - werkzeug - [31m[1mWARNING: This is a development server. Do not use it in a production deployment. Use a production WSGI server instead.[0m
 * Running on http://127.0.0.1:8586
2025-04-10 12:24:46,279 - INFO - [70276] - werkzeug - [33mPress CTRL+C to quit[0m
2025-04-10 12:24:46,280 - INFO - [70276] - werkzeug -  * Restarting with stat
2025-04-10 12:38:38,888 - INFO - [70276] - werkzeug -  * Restarting with stat
2025-04-10 12:38:53,353 - INFO - [70276] - werkzeug -  * Restarting with stat
2025-04-10 12:39:05,053 - INFO - [70276] - werkzeug -  * Restarting with stat
2025-04-10 12:39:12,634 - INFO - [70276] - werkzeug -  * Restarting with stat
2025-04-10 12:40:31,708 - INFO - [70276] - werkzeug -  * Restarting with stat
2025-04-10 12:41:48,001 - INFO - [70276] - werkzeug -  * Restarting with stat
2025-04-10 12:41:51,276 - INFO - [70276] - werkzeug -  * Restarting with stat
2025-04-10 12:57:38,722 - INFO - [70276] - werkzeug -  * Restarting with stat
2025-04-10 12:57:47,764 - INFO - [70276] - werkzeug -  * Restarting with stat
2025-04-10 13:01:51,910 - INFO - [70276] - werkzeug -  * Restarting with stat
2025-04-10 13:01:56,650 - INFO - [70276] - werkzeug -  * Restarting with stat
2025-04-10 13:02:06,078 - INFO - [70276] - werkzeug -  * Restarting with stat
2025-04-10 13:02:41,333 - INFO - [70276] - werkzeug -  * Restarting with stat
2025-04-10 13:02:47,803 - INFO - [70276] - werkzeug -  * Restarting with stat
2025-04-10 13:03:04,962 - INFO - [70276] - werkzeug -  * Restarting with stat
2025-04-10 13:03:09,244 - INFO - [70276] - werkzeug -  * Restarting with stat
