2025-04-09 12:03:33,955 - INFO - [43421] - root - Initializing application
2025-04-09 12:03:33,955 - INFO - [43421] - root - Setting up database connection to postgresql://postgres:7987@localhost:5432/Voice_Recognition
2025-04-09 12:03:34,389 - INFO - [43421] - root - Database setup successful
2025-04-09 12:03:34,390 - INFO - [43421] - root - Starting Flask server on port 8586
2025-04-09 12:03:34,428 - INFO - [43421] - werkzeug - [31m[1mWARNING: This is a development server. Do not use it in a production deployment. Use a production WSGI server instead.[0m
 * Running on http://127.0.0.1:8586
2025-04-09 12:03:34,428 - INFO - [43421] - werkzeug - [33mPress CTRL+C to quit[0m
2025-04-09 12:03:34,429 - INFO - [43421] - werkzeug -  * Restarting with stat
2025-04-09 12:04:20,314 - INFO - [43421] - werkzeug -  * Restarting with stat
2025-04-09 12:04:33,700 - INFO - [43421] - werkzeug -  * Restarting with stat
2025-04-09 12:04:59,475 - INFO - [43421] - werkzeug -  * Restarting with stat
2025-04-09 12:05:02,776 - INFO - [43421] - werkzeug -  * Restarting with stat
2025-04-09 12:08:59,612 - INFO - [43421] - werkzeug -  * Restarting with stat
2025-04-09 12:09:01,950 - INFO - [43421] - werkzeug -  * Restarting with stat
2025-04-09 12:10:54,023 - INFO - [43421] - werkzeug -  * Restarting with stat
2025-04-09 12:15:08,672 - INFO - [43421] - werkzeug -  * Restarting with stat
2025-04-09 12:15:41,406 - INFO - [43421] - werkzeug -  * Restarting with stat
2025-04-09 12:15:44,700 - INFO - [43421] - werkzeug -  * Restarting with stat
2025-04-09 12:15:48,751 - INFO - [43421] - werkzeug -  * Restarting with stat
2025-04-09 12:15:53,943 - INFO - [43421] - werkzeug -  * Restarting with stat
2025-04-09 12:34:29,041 - INFO - [43421] - werkzeug -  * Restarting with stat
2025-04-09 12:35:00,446 - INFO - [43421] - werkzeug -  * Restarting with stat
2025-04-09 12:35:32,495 - INFO - [43421] - werkzeug -  * Restarting with stat
2025-04-09 12:35:36,876 - INFO - [43421] - werkzeug -  * Restarting with stat
2025-04-09 12:35:39,829 - INFO - [43421] - werkzeug -  * Restarting with stat
2025-04-09 12:46:13,674 - INFO - [43421] - werkzeug -  * Restarting with stat
2025-04-09 12:46:19,017 - INFO - [43421] - werkzeug -  * Restarting with stat
2025-04-09 12:46:23,136 - INFO - [43421] - werkzeug -  * Restarting with stat
2025-04-09 12:46:31,503 - INFO - [43421] - werkzeug -  * Restarting with stat
2025-04-09 12:47:08,968 - INFO - [43421] - werkzeug -  * Restarting with stat
2025-04-09 12:48:47,698 - INFO - [43421] - werkzeug -  * Restarting with stat
2025-04-09 12:49:37,389 - INFO - [43421] - werkzeug -  * Restarting with stat
2025-04-09 12:49:47,132 - INFO - [43421] - werkzeug -  * Restarting with stat
2025-04-09 12:49:51,285 - INFO - [43421] - werkzeug -  * Restarting with stat
2025-04-09 12:49:56,302 - INFO - [43421] - werkzeug -  * Restarting with stat
2025-04-09 12:50:51,256 - INFO - [43421] - werkzeug -  * Restarting with stat
2025-04-09 12:56:00,328 - INFO - [43421] - werkzeug -  * Restarting with stat
2025-04-09 12:56:20,144 - INFO - [43421] - werkzeug -  * Restarting with stat
2025-04-09 12:56:26,730 - INFO - [43421] - werkzeug -  * Restarting with stat
2025-04-09 12:56:40,709 - INFO - [43421] - werkzeug -  * Restarting with stat
2025-04-09 12:56:49,461 - INFO - [43421] - werkzeug -  * Restarting with stat
2025-04-09 12:56:53,659 - INFO - [43421] - werkzeug -  * Restarting with stat
2025-04-09 14:55:02,683 - INFO - [43421] - werkzeug -  * Restarting with stat
2025-04-09 14:55:12,505 - INFO - [43421] - werkzeug -  * Restarting with stat
2025-04-09 14:55:21,245 - INFO - [43421] - werkzeug -  * Restarting with stat
2025-04-09 14:55:28,809 - INFO - [43421] - werkzeug -  * Restarting with stat
2025-04-09 14:55:33,173 - INFO - [43421] - werkzeug -  * Restarting with stat
2025-04-09 14:55:38,264 - INFO - [43421] - werkzeug -  * Restarting with stat
2025-04-09 15:00:02,428 - INFO - [43421] - werkzeug -  * Restarting with stat
