2025-04-10 10:55:54,720 - INFO - [45884] - root - Initializing application
2025-04-10 10:55:54,720 - INFO - [45884] - root - Setting up database connection to postgresql://postgres:7987@localhost:5432/Voice_Recognition
2025-04-10 10:55:55,021 - INFO - [45884] - root - Database setup successful
2025-04-10 10:55:55,022 - INFO - [45884] - root - Starting Flask server on port 8586
2025-04-10 10:55:55,059 - INFO - [45884] - werkzeug - [31m[1mWARNING: This is a development server. Do not use it in a production deployment. Use a production WSGI server instead.[0m
 * Running on http://127.0.0.1:8586
2025-04-10 10:55:55,060 - INFO - [45884] - werkzeug - [33mPress CTRL+C to quit[0m
2025-04-10 10:55:55,061 - INFO - [45884] - werkzeug -  * Restarting with stat
2025-04-10 11:12:39,811 - INFO - [45884] - werkzeug -  * Restarting with stat
2025-04-10 11:12:54,399 - INFO - [45884] - werkzeug -  * Restarting with stat
2025-04-10 11:13:05,062 - INFO - [45884] - werkzeug -  * Restarting with stat
2025-04-10 11:13:11,483 - INFO - [45884] - werkzeug -  * Restarting with stat
2025-04-10 11:13:20,939 - INFO - [45884] - werkzeug -  * Restarting with stat
2025-04-10 11:13:45,498 - INFO - [45884] - werkzeug -  * Restarting with stat
2025-04-10 11:15:24,048 - INFO - [45884] - werkzeug -  * Restarting with stat
2025-04-10 11:15:28,601 - INFO - [45884] - werkzeug -  * Restarting with stat
2025-04-10 11:15:31,660 - INFO - [45884] - werkzeug -  * Restarting with stat
2025-04-10 11:15:56,146 - INFO - [45884] - werkzeug -  * Restarting with stat
2025-04-10 11:16:02,640 - INFO - [45884] - werkzeug -  * Restarting with stat
2025-04-10 11:17:48,744 - INFO - [45884] - werkzeug -  * Restarting with stat
2025-04-10 11:17:54,337 - INFO - [45884] - werkzeug -  * Restarting with stat
2025-04-10 11:17:59,482 - INFO - [45884] - werkzeug -  * Restarting with stat
2025-04-10 11:18:05,658 - INFO - [45884] - werkzeug -  * Restarting with stat
2025-04-10 11:18:08,654 - INFO - [45884] - werkzeug -  * Restarting with stat
2025-04-10 11:18:12,663 - INFO - [45884] - werkzeug -  * Restarting with stat
2025-04-10 11:18:15,651 - INFO - [45884] - werkzeug -  * Restarting with stat
