2025-04-07 15:50:43,618 - INFO - [68544] - root - Initializing application
2025-04-07 15:50:43,618 - INFO - [68544] - root - Setting up database connection to postgresql://postgres:7987@localhost:5432/Voice_Recognition
2025-04-07 15:50:43,731 - INFO - [68544] - root - Database setup successful
2025-04-07 15:50:43,732 - INFO - [68544] - root - Starting Flask server on port 8586
2025-04-07 15:50:43,759 - INFO - [68544] - werkzeug - [31m[1mWARNING: This is a development server. Do not use it in a production deployment. Use a production WSGI server instead.[0m
 * Running on http://127.0.0.1:8586
2025-04-07 15:50:43,760 - INFO - [68544] - werkzeug - [33mPress CTRL+C to quit[0m
2025-04-07 15:50:43,761 - INFO - [68544] - werkzeug -  * Restarting with stat
2025-04-07 15:52:16,212 - INFO - [68544] - werkzeug -  * Restarting with stat
2025-04-07 15:53:03,396 - INFO - [68544] - werkzeug -  * Restarting with stat
2025-04-07 15:53:07,845 - INFO - [68544] - werkzeug -  * Restarting with stat
2025-04-07 15:53:18,444 - INFO - [68544] - werkzeug -  * Restarting with stat
2025-04-07 15:57:50,398 - INFO - [68544] - werkzeug -  * Restarting with stat
2025-04-07 15:57:55,657 - INFO - [68544] - werkzeug -  * Restarting with stat
2025-04-07 15:58:01,960 - INFO - [68544] - werkzeug -  * Restarting with stat
2025-04-07 15:59:14,766 - INFO - [68544] - werkzeug -  * Restarting with stat
2025-04-07 15:59:22,648 - INFO - [68544] - werkzeug -  * Restarting with stat
2025-04-07 15:59:28,150 - INFO - [68544] - werkzeug -  * Restarting with stat
2025-04-07 15:59:31,585 - INFO - [68544] - werkzeug -  * Restarting with stat
2025-04-07 15:59:41,210 - INFO - [68544] - werkzeug -  * Restarting with stat
2025-04-07 15:59:45,416 - INFO - [68544] - werkzeug -  * Restarting with stat
2025-04-07 15:59:53,829 - INFO - [68544] - werkzeug -  * Restarting with stat
2025-04-07 16:00:00,159 - INFO - [68544] - werkzeug -  * Restarting with stat
2025-04-07 16:00:06,479 - INFO - [68544] - werkzeug -  * Restarting with stat
2025-04-07 16:00:09,528 - INFO - [68544] - werkzeug -  * Restarting with stat
2025-04-07 16:00:13,605 - INFO - [68544] - werkzeug -  * Restarting with stat
2025-04-07 16:00:17,690 - INFO - [68544] - werkzeug -  * Restarting with stat
2025-04-07 16:00:21,771 - INFO - [68544] - werkzeug -  * Restarting with stat
2025-04-07 16:21:05,110 - INFO - [68544] - werkzeug -  * Restarting with stat
2025-04-07 16:21:10,290 - INFO - [68544] - werkzeug -  * Restarting with stat
